04 Oct 15:25:34 CONFIG [geoserver.logging] - Log4j 2 configuration set to DEFAULT_LOGGING.xml
04 Oct 15:25:35 CONFIG [org.geoserver] - GeoServer configuration lock is enabled
04 Oct 15:25:35 CONFIG [org.geoserver] - Loading catalog /gsdata
04 Oct 15:25:35 CONFIG [org.geoserver] - Loaded style 'poi'
04 Oct 15:25:35 CONFIG [org.geoserver] - Loaded style 'polygon'
04 Oct 15:25:35 CONFIG [org.geoserver] - Loaded style 'restricted'
04 Oct 15:25:35 CONFIG [org.geoserver] - Loaded style 'simple_streams'
04 Oct 15:25:35 CONFIG [org.geoserver] - Loaded style 'point'
04 Oct 15:25:35 CONFIG [org.geoserver] - Loaded style 'pophatch'
04 Oct 15:25:35 CONFIG [org.geoserver] - Loaded style 'cite_lakes'
04 Oct 15:25:35 CONFIG [org.geoserver] - Loaded style 'tiger_roads'
04 Oct 15:25:35 CONFIG [org.geoserver] - Loaded style 'grass'
04 Oct 15:25:35 CONFIG [org.geoserver] - Loaded style 'generic'
04 Oct 15:25:35 CONFIG [org.geoserver] - Loaded style 'poly_landmarks'
04 Oct 15:25:35 CONFIG [org.geoserver] - Loaded style 'population'
04 Oct 15:25:35 CONFIG [org.geoserver] - Loaded style 'capitals'
04 Oct 15:25:35 CONFIG [org.geoserver] - Loaded style 'simple_roads'
04 Oct 15:25:35 CONFIG [org.geoserver] - Loaded style 'line'
04 Oct 15:25:35 CONFIG [org.geoserver] - Loaded style 'burg'
04 Oct 15:25:35 CONFIG [org.geoserver] - Loaded style 'rain'
04 Oct 15:25:35 CONFIG [org.geoserver] - Loaded style 'dem'
04 Oct 15:25:35 CONFIG [org.geoserver] - Loaded style 'raster'
04 Oct 15:25:35 CONFIG [org.geoserver] - Loaded style 'green'
04 Oct 15:25:35 CONFIG [org.geoserver] - Loaded style 'giant_polygon'
04 Oct 15:25:35 CONFIG [org.geoserver] - Loaded default workspace 'ne'
04 Oct 15:25:35 CONFIG [org.geoserver] - Loaded workspace 'cite'
04 Oct 15:25:35 CONFIG [org.geoserver] - Loaded workspace 'sf'
04 Oct 15:25:35 CONFIG [org.geoserver] - Loaded workspace 'sde'
04 Oct 15:25:35 CONFIG [org.geoserver] - Loaded workspace 'tiger'
04 Oct 15:25:35 CONFIG [org.geoserver] - Loaded workspace 'ne'
04 Oct 15:25:35 CONFIG [org.geoserver] - Loaded style 'countries'
04 Oct 15:25:35 CONFIG [org.geoserver] - Loaded style 'boundary_lines'
04 Oct 15:25:35 CONFIG [org.geoserver] - Loaded style 'countries_mapcolor9'
04 Oct 15:25:35 CONFIG [org.geoserver] - Loaded style 'populated_places'
04 Oct 15:25:35 CONFIG [org.geoserver] - Loaded style 'coastline'
04 Oct 15:25:35 CONFIG [org.geoserver] - Loaded style 'disputed'
04 Oct 15:25:35 CONFIG [org.geoserver] - Loaded workspace 'topp'
04 Oct 15:25:35 CONFIG [org.geoserver] - Loaded workspace 'it.geosolutions'
04 Oct 15:25:35 CONFIG [org.geoserver] - Loaded workspace 'nurc'
04 Oct 15:25:35 CONFIG [org.geoserver] - Loaded data store 'nyc', enabled
04 Oct 15:25:36 CONFIG [org.geoserver] - Loaded feature type 'poi', enabled
04 Oct 15:25:36 CONFIG [org.geoserver] - Loaded layer 'poi'
04 Oct 15:25:36 CONFIG [org.geoserver] - Loaded feature type 'tiger_roads', enabled
04 Oct 15:25:36 CONFIG [org.geoserver] - Loaded layer 'tiger_roads'
04 Oct 15:25:36 CONFIG [org.geoserver] - Loaded feature type 'poly_landmarks', enabled
04 Oct 15:25:36 CONFIG [org.geoserver] - Loaded layer 'poly_landmarks'
04 Oct 15:25:36 CONFIG [org.geoserver] - Loaded feature type 'giant_polygon', enabled
04 Oct 15:25:36 CONFIG [org.geoserver] - Loaded layer 'giant_polygon'
04 Oct 15:25:36 CONFIG [org.geoserver] - Loaded data store 'sf', enabled
04 Oct 15:25:36 CONFIG [org.geoserver] - Loaded feature type 'archsites', enabled
04 Oct 15:25:36 CONFIG [org.geoserver] - Loaded layer 'archsites'
04 Oct 15:25:36 CONFIG [org.geoserver] - Loaded feature type 'roads', enabled
04 Oct 15:25:36 CONFIG [org.geoserver] - Loaded layer 'roads'
04 Oct 15:25:36 CONFIG [org.geoserver] - Loaded feature type 'restricted', enabled
04 Oct 15:25:36 CONFIG [org.geoserver] - Loaded layer 'restricted'
04 Oct 15:25:36 CONFIG [org.geoserver] - Loaded feature type 'streams', enabled
04 Oct 15:25:36 CONFIG [org.geoserver] - Loaded layer 'streams'
04 Oct 15:25:36 CONFIG [org.geoserver] - Loaded feature type 'bugsites', enabled
04 Oct 15:25:36 CONFIG [org.geoserver] - Loaded layer 'bugsites'
04 Oct 15:25:36 CONFIG [org.geoserver] - Loaded coverage store 'sfdem', enabled
04 Oct 15:25:36 CONFIG [org.geoserver] - Loaded coverage 'sfdem', enabled
04 Oct 15:25:36 CONFIG [org.geoserver] - Loaded layer 'sfdem'
04 Oct 15:25:36 CONFIG [org.geoserver] - Loaded data store 'NaturalEarth', enabled
04 Oct 15:25:36 CONFIG [org.geoserver] - Loaded feature type 'populated_places', enabled
04 Oct 15:25:36 CONFIG [org.geoserver] - Loaded layer 'populated_places'
04 Oct 15:25:36 CONFIG [org.geoserver] - Loaded feature type 'countries', enabled
04 Oct 15:25:36 CONFIG [org.geoserver] - Loaded layer 'countries'
04 Oct 15:25:36 CONFIG [org.geoserver] - Loaded feature type 'coastlines', enabled
04 Oct 15:25:36 CONFIG [org.geoserver] - Loaded layer 'coastlines'
04 Oct 15:25:36 CONFIG [org.geoserver] - Loaded feature type 'disputed_areas', enabled
04 Oct 15:25:36 CONFIG [org.geoserver] - Loaded layer 'disputed_areas'
04 Oct 15:25:36 CONFIG [org.geoserver] - Loaded feature type 'boundary_lines', enabled
04 Oct 15:25:36 CONFIG [org.geoserver] - Loaded layer 'boundary_lines'
04 Oct 15:25:36 CONFIG [org.geoserver] - Loaded layer group 'world'
04 Oct 15:25:36 CONFIG [org.geoserver] - Loaded data store 'taz_shapes', enabled
04 Oct 15:25:36 CONFIG [org.geoserver] - Loaded feature type 'tasmania_roads', enabled
04 Oct 15:25:36 CONFIG [org.geoserver] - Loaded layer 'tasmania_roads'
04 Oct 15:25:36 CONFIG [org.geoserver] - Loaded feature type 'tasmania_state_boundaries', enabled
04 Oct 15:25:36 CONFIG [org.geoserver] - Loaded layer 'tasmania_state_boundaries'
04 Oct 15:25:36 CONFIG [org.geoserver] - Loaded feature type 'tasmania_cities', enabled
04 Oct 15:25:36 CONFIG [org.geoserver] - Loaded layer 'tasmania_cities'
04 Oct 15:25:36 CONFIG [org.geoserver] - Loaded feature type 'tasmania_water_bodies', enabled
04 Oct 15:25:36 CONFIG [org.geoserver] - Loaded layer 'tasmania_water_bodies'
04 Oct 15:25:36 CONFIG [org.geoserver] - Loaded data store 'states_shapefile', enabled
04 Oct 15:25:36 CONFIG [org.geoserver] - Loaded feature type 'states', enabled
04 Oct 15:25:36 CONFIG [org.geoserver] - Loaded layer 'states'
04 Oct 15:25:36 CONFIG [org.geoserver] - Loaded coverage store 'arcGridSample', enabled
04 Oct 15:25:36 CONFIG [org.geoserver] - Loaded coverage 'Arc_Sample', enabled
04 Oct 15:25:36 CONFIG [org.geoserver] - Loaded layer 'Arc_Sample'
04 Oct 15:25:36 CONFIG [org.geoserver] - Loaded coverage store 'img_sample2', enabled
04 Oct 15:25:36 CONFIG [org.geoserver] - Loaded coverage 'Pk50095', enabled
04 Oct 15:25:36 CONFIG [org.geoserver] - Loaded layer 'Pk50095'
04 Oct 15:25:36 CONFIG [org.geoserver] - Loaded coverage store 'mosaic', enabled
04 Oct 15:25:36 CONFIG [org.geoserver] - Loaded coverage 'mosaic', enabled
04 Oct 15:25:36 CONFIG [org.geoserver] - Loaded layer 'mosaic'
04 Oct 15:25:36 CONFIG [org.geoserver] - Loaded coverage store 'worldImageSample', enabled
04 Oct 15:25:36 CONFIG [org.geoserver] - Loaded coverage 'Img_Sample', enabled
04 Oct 15:25:36 CONFIG [org.geoserver] - Loaded layer 'Img_Sample'
04 Oct 15:25:36 CONFIG [org.geoserver] - Loaded layer group 'tiger-ny'
04 Oct 15:25:36 CONFIG [org.geoserver] - Loaded layer group 'spearfish'
04 Oct 15:25:36 CONFIG [org.geoserver] - Loaded layer group 'tasmania'
04 Oct 15:25:36 CONFIG [org.geoserver] - Read catalog in 1.122 s
04 Oct 15:25:36 CONFIG [org.geoserver] - Loaded service 'wcs', enabled
04 Oct 15:25:36 CONFIG [org.geoserver] - Loaded service 'wfs', enabled
04 Oct 15:25:36 CONFIG [org.geoserver] - Loaded service 'wms', enabled
04 Oct 15:25:36 CONFIG [org.geoserver] - Loaded service 'WMTSInfoImpl--3ef31051:182c1e8b194:-8000', enabled
04 Oct 15:25:36 CONFIG [org.geoserver] - Loaded service 'WCSInfoImpl-1c443fee:182c0f3f209:-7f96', enabled
04 Oct 15:25:36 CONFIG [org.geoserver] - Loaded service 'WFSInfoImpl-1c443fee:182c0f3f209:-7f97', enabled
04 Oct 15:25:36 CONFIG [org.geoserver] - Loaded service 'WMSInfoImpl-1c443fee:182c0f3f209:-7f99', enabled
04 Oct 15:25:36 CONFIG [org.geoserver] - Loaded service 'WMTSInfoImpl-1c443fee:182c0f3f209:-7f98', enabled
04 Oct 15:25:36 CONFIG [gwc.config] - Will look for 'geowebcache.xml' in directory '/gsdata/gwc'.
04 Oct 15:25:36 CONFIG [gwc.config] - Create configuration file 'gwc/geowebcache.xml' from template jar:file:/usr/local/tomcat/webapps/geoserver/WEB-INF/lib/gwc-core-1.26.0.jar!/geowebcache_empty.xml
04 Oct 15:25:36 WARN   [config.XMLConfiguration] - GWC configuration validation error: cvc-elt.1.a: Cannot find the declaration of element 'gwcConfiguration'.
04 Oct 15:25:36 WARN   [config.XMLConfiguration] - Will try to use configuration anyway. Please check the order of declared elements against the schema.
04 Oct 15:25:36 CONFIG [config.XMLConfiguration] - Initializing GridSets from gwc
04 Oct 15:25:36 CONFIG [config.XMLConfiguration] - Initializing layers from gwc
04 Oct 15:25:36 CONFIG [gwc.layer] - Initializing GWC configuration based on GeoServer's Catalog
04 Oct 15:25:36 CONFIG [gwc.layer] - GeoServer TileLayer store base directory is: gwc-layers
04 Oct 15:25:36 CONFIG [gwc.layer] - Loading tile layers from gwc-layers
04 Oct 15:25:36 CONFIG [gwc.layer] - Loaded 0 tile layers in 1.425 ms
04 Oct 15:25:36 CONFIG [storage.BlobStoreAggregator] - BlobStoreConfiguration gwc contained no blob store infos.
04 Oct 15:25:36 CONFIG [storage.DefaultStorageFinder] - Found system environment variableGEOSERVER_DATA_DIR set to /gsdata, using it as the default prefix.
04 Oct 15:25:36 CONFIG [gwc.config] - Initializing GeoServer specific GWC configuration from gwc-gs.xml
04 Oct 15:25:38 CONFIG [gwc.config] - Will look for 'geowebcache-diskquota.xml' in directory '/gsdata/gwc'.
04 Oct 15:25:38 CONFIG [gwc.config] - Will look for 'geowebcache-diskquota-jdbc.xml' in directory '/gsdata/gwc'.
04 Oct 15:25:38 CONFIG [diskquota.ConfigLoader] - DiskQuota configuration is not readable: gwc/geowebcache-diskquota.xml
04 Oct 15:25:38 CONFIG [diskquota.ConfigLoader] - DiskQuota configuration is not readable: gwc/geowebcache-diskquota.xml
04 Oct 15:25:38 CONFIG [geoserver.security] - AuthenticationCache Initialized with 1000 Max Entries, 300 seconds idle time, 600 seconds time to live and 3 concurrency level
04 Oct 15:25:38 CONFIG [geoserver.security] - AuthenticationCache Eviction Task created to run every 600 seconds
04 Oct 15:25:39 CONFIG [geowebcache.GeoWebCacheDispatcher] - Invoked setServletPrefix(gwc)
04 Oct 15:25:39 CONFIG [wms.WMSService] - Will NOT recombine tiles for non-tiling clients.
04 Oct 15:25:39 CONFIG [wms.WMSService] - Will proxy requests to backend that are not getmap or getcapabilities.
04 Oct 15:25:39 WARN   [gce.imagemosaic] - Unable to set ordering between jp2 readers spi-it.geosolutions.imageio.plugins.jp2ecw.JP2GDALEcwImageReaderSpi:com.sun.media.imageioimpl.plugins.jpeg2000.J2KImageReaderSpi
04 Oct 15:25:39 CONFIG [diskquota.ConfigLoader] - DiskQuota configuration is not readable: gwc/geowebcache-diskquota.xml
04 Oct 15:25:39 CONFIG [diskquota.DiskQuotaMonitor] - Setting up disk quota periodic enforcement task
04 Oct 15:25:39 CONFIG [diskquota.DiskQuotaMonitor] - 0 layers configured with their own quotas. 
04 Oct 15:25:39 CONFIG [diskquota.DiskQuotaMonitor] - 28 layers attached to global quota 500.0 MB
04 Oct 15:25:39 CONFIG [diskquota.DiskQuotaMonitor] - Disk quota periodic enforcement task set up every 10 SECONDS
04 Oct 15:25:39 CONFIG [geoserver.security] - Start reloading user/groups for service named default
04 Oct 15:25:39 CONFIG [geoserver.security] - Reloading user/groups successful for service named default
04 Oct 15:25:41 CONFIG [platform.resource] - Notifying ENTRY_CREATE change on /gsdata/gwc-layers. Created: 28, removed: 0, modified: 0
04 Oct 15:25:58 INFO   [geoserver.security] - Strong cryptography is available
04 Oct 15:27:01 CONFIG [gwc.layer] - GeoServer TileLayer store base directory is: gwc-layers
04 Oct 15:27:01 CONFIG [gwc.layer] - Loading tile layers from gwc-layers
04 Oct 15:27:01 CONFIG [gwc.layer] - Loaded 28 tile layers in 10.87 ms
04 Oct 15:27:01 CONFIG [gwc.layer] - GeoServer TileLayer store base directory is: gwc-layers
04 Oct 15:27:01 CONFIG [gwc.layer] - Loading tile layers from gwc-layers
04 Oct 15:27:01 CONFIG [gwc.layer] - Loaded 28 tile layers in 5.854 ms
04 Oct 15:27:01 WARN   [support.DisposableBeanAdapter] - Custom destroy method 'destroy' on bean with name 'gwcMemoryBlobStore' threw an exception: java.util.concurrent.RejectedExecutionException: Task java.util.concurrent.FutureTask@7edf047[Not completed, task = org.geowebcache.storage.blobstore.memory.MemoryBlobStore$BlobStoreTask@3caceecb] rejected from java.util.concurrent.ThreadPoolExecutor@54b9c6dd[Terminated, pool size = 0, active threads = 0, queued tasks = 0, completed tasks = 1]
04 Oct 15:27:01 INFO   [geoserver.logging] - Beginning GeoServer cleanup sequence
04 Oct 16:02:49 CONFIG [geoserver.logging] - Log4j 2 configuration set to DEFAULT_LOGGING.xml
04 Oct 16:02:50 CONFIG [org.geoserver] - GeoServer configuration lock is enabled
04 Oct 16:02:50 CONFIG [org.geoserver] - Loading catalog /gsdata
04 Oct 16:02:50 CONFIG [org.geoserver] - Loaded style 'poi'
04 Oct 16:02:50 CONFIG [org.geoserver] - Loaded style 'polygon'
04 Oct 16:02:50 CONFIG [org.geoserver] - Loaded style 'restricted'
04 Oct 16:02:50 CONFIG [org.geoserver] - Loaded style 'pophatch'
04 Oct 16:02:50 CONFIG [org.geoserver] - Loaded style 'simple_streams'
04 Oct 16:02:50 CONFIG [org.geoserver] - Loaded style 'tiger_roads'
04 Oct 16:02:50 CONFIG [org.geoserver] - Loaded style 'point'
04 Oct 16:02:50 CONFIG [org.geoserver] - Loaded style 'cite_lakes'
04 Oct 16:02:50 CONFIG [org.geoserver] - Loaded style 'grass'
04 Oct 16:02:50 CONFIG [org.geoserver] - Loaded style 'generic'
04 Oct 16:02:50 CONFIG [org.geoserver] - Loaded style 'poly_landmarks'
04 Oct 16:02:50 CONFIG [org.geoserver] - Loaded style 'population'
04 Oct 16:02:50 CONFIG [org.geoserver] - Loaded style 'capitals'
04 Oct 16:02:50 CONFIG [org.geoserver] - Loaded style 'simple_roads'
04 Oct 16:02:50 CONFIG [org.geoserver] - Loaded style 'line'
04 Oct 16:02:50 CONFIG [org.geoserver] - Loaded style 'burg'
04 Oct 16:02:50 CONFIG [org.geoserver] - Loaded style 'rain'
04 Oct 16:02:50 CONFIG [org.geoserver] - Loaded style 'dem'
04 Oct 16:02:50 CONFIG [org.geoserver] - Loaded style 'green'
04 Oct 16:02:50 CONFIG [org.geoserver] - Loaded style 'raster'
04 Oct 16:02:50 CONFIG [org.geoserver] - Loaded style 'giant_polygon'
04 Oct 16:02:50 CONFIG [org.geoserver] - Loaded default workspace 'ne'
04 Oct 16:02:50 CONFIG [org.geoserver] - Loaded workspace 'sde'
04 Oct 16:02:50 CONFIG [org.geoserver] - Loaded workspace 'tiger'
04 Oct 16:02:50 CONFIG [org.geoserver] - Loaded workspace 'cite'
04 Oct 16:02:50 CONFIG [org.geoserver] - Loaded workspace 'sf'
04 Oct 16:02:50 CONFIG [org.geoserver] - Loaded workspace 'ne'
04 Oct 16:02:50 CONFIG [org.geoserver] - Loaded style 'countries'
04 Oct 16:02:50 CONFIG [org.geoserver] - Loaded style 'boundary_lines'
04 Oct 16:02:50 CONFIG [org.geoserver] - Loaded style 'disputed'
04 Oct 16:02:50 CONFIG [org.geoserver] - Loaded style 'countries_mapcolor9'
04 Oct 16:02:50 CONFIG [org.geoserver] - Loaded style 'populated_places'
04 Oct 16:02:50 CONFIG [org.geoserver] - Loaded style 'coastline'
04 Oct 16:02:50 CONFIG [org.geoserver] - Loaded workspace 'nurc'
04 Oct 16:02:50 CONFIG [org.geoserver] - Loaded workspace 'it.geosolutions'
04 Oct 16:02:50 CONFIG [org.geoserver] - Loaded workspace 'topp'
04 Oct 16:02:50 CONFIG [org.geoserver] - Loaded data store 'nyc', enabled
04 Oct 16:02:51 CONFIG [org.geoserver] - Loaded feature type 'poi', enabled
04 Oct 16:02:51 CONFIG [org.geoserver] - Loaded layer 'poi'
04 Oct 16:02:51 CONFIG [org.geoserver] - Loaded feature type 'poly_landmarks', enabled
04 Oct 16:02:51 CONFIG [org.geoserver] - Loaded layer 'poly_landmarks'
04 Oct 16:02:51 CONFIG [org.geoserver] - Loaded feature type 'giant_polygon', enabled
04 Oct 16:02:51 CONFIG [org.geoserver] - Loaded layer 'giant_polygon'
04 Oct 16:02:51 CONFIG [org.geoserver] - Loaded feature type 'tiger_roads', enabled
04 Oct 16:02:51 CONFIG [org.geoserver] - Loaded layer 'tiger_roads'
04 Oct 16:02:51 CONFIG [org.geoserver] - Loaded data store 'sf', enabled
04 Oct 16:02:51 CONFIG [org.geoserver] - Loaded feature type 'roads', enabled
04 Oct 16:02:51 CONFIG [org.geoserver] - Loaded layer 'roads'
04 Oct 16:02:51 CONFIG [org.geoserver] - Loaded feature type 'archsites', enabled
04 Oct 16:02:51 CONFIG [org.geoserver] - Loaded layer 'archsites'
04 Oct 16:02:51 CONFIG [org.geoserver] - Loaded feature type 'restricted', enabled
04 Oct 16:02:51 CONFIG [org.geoserver] - Loaded layer 'restricted'
04 Oct 16:02:51 CONFIG [org.geoserver] - Loaded feature type 'bugsites', enabled
04 Oct 16:02:51 CONFIG [org.geoserver] - Loaded layer 'bugsites'
04 Oct 16:02:51 CONFIG [org.geoserver] - Loaded feature type 'streams', enabled
04 Oct 16:02:51 CONFIG [org.geoserver] - Loaded layer 'streams'
04 Oct 16:02:51 CONFIG [org.geoserver] - Loaded coverage store 'sfdem', enabled
04 Oct 16:02:51 CONFIG [org.geoserver] - Loaded coverage 'sfdem', enabled
04 Oct 16:02:51 CONFIG [org.geoserver] - Loaded layer 'sfdem'
04 Oct 16:02:51 CONFIG [org.geoserver] - Loaded data store 'NaturalEarth', enabled
04 Oct 16:02:51 CONFIG [org.geoserver] - Loaded feature type 'coastlines', enabled
04 Oct 16:02:51 CONFIG [org.geoserver] - Loaded layer 'coastlines'
04 Oct 16:02:51 CONFIG [org.geoserver] - Loaded feature type 'countries', enabled
04 Oct 16:02:51 CONFIG [org.geoserver] - Loaded layer 'countries'
04 Oct 16:02:51 CONFIG [org.geoserver] - Loaded feature type 'populated_places', enabled
04 Oct 16:02:51 CONFIG [org.geoserver] - Loaded layer 'populated_places'
04 Oct 16:02:51 CONFIG [org.geoserver] - Loaded feature type 'boundary_lines', enabled
04 Oct 16:02:51 CONFIG [org.geoserver] - Loaded layer 'boundary_lines'
04 Oct 16:02:51 CONFIG [org.geoserver] - Loaded feature type 'disputed_areas', enabled
04 Oct 16:02:51 CONFIG [org.geoserver] - Loaded layer 'disputed_areas'
04 Oct 16:02:51 CONFIG [org.geoserver] - Loaded layer group 'world'
04 Oct 16:02:51 CONFIG [org.geoserver] - Loaded data store 'taz_shapes', enabled
04 Oct 16:02:51 CONFIG [org.geoserver] - Loaded feature type 'tasmania_roads', enabled
04 Oct 16:02:51 CONFIG [org.geoserver] - Loaded layer 'tasmania_roads'
04 Oct 16:02:51 CONFIG [org.geoserver] - Loaded feature type 'tasmania_state_boundaries', enabled
04 Oct 16:02:51 CONFIG [org.geoserver] - Loaded layer 'tasmania_state_boundaries'
04 Oct 16:02:51 CONFIG [org.geoserver] - Loaded feature type 'tasmania_water_bodies', enabled
04 Oct 16:02:51 CONFIG [org.geoserver] - Loaded layer 'tasmania_water_bodies'
04 Oct 16:02:51 CONFIG [org.geoserver] - Loaded feature type 'tasmania_cities', enabled
04 Oct 16:02:51 CONFIG [org.geoserver] - Loaded layer 'tasmania_cities'
04 Oct 16:02:51 CONFIG [org.geoserver] - Loaded data store 'states_shapefile', enabled
04 Oct 16:02:51 CONFIG [org.geoserver] - Loaded feature type 'states', enabled
04 Oct 16:02:51 CONFIG [org.geoserver] - Loaded layer 'states'
04 Oct 16:02:51 CONFIG [org.geoserver] - Loaded coverage store 'img_sample2', enabled
04 Oct 16:02:51 CONFIG [org.geoserver] - Loaded coverage 'Pk50095', enabled
04 Oct 16:02:51 CONFIG [org.geoserver] - Loaded layer 'Pk50095'
04 Oct 16:02:51 CONFIG [org.geoserver] - Loaded coverage store 'arcGridSample', enabled
04 Oct 16:02:51 CONFIG [org.geoserver] - Loaded coverage 'Arc_Sample', enabled
04 Oct 16:02:51 CONFIG [org.geoserver] - Loaded layer 'Arc_Sample'
04 Oct 16:02:51 CONFIG [org.geoserver] - Loaded coverage store 'mosaic', enabled
04 Oct 16:02:51 CONFIG [org.geoserver] - Loaded coverage 'mosaic', enabled
04 Oct 16:02:51 CONFIG [org.geoserver] - Loaded layer 'mosaic'
04 Oct 16:02:51 CONFIG [org.geoserver] - Loaded coverage store 'worldImageSample', enabled
04 Oct 16:02:51 CONFIG [org.geoserver] - Loaded coverage 'Img_Sample', enabled
04 Oct 16:02:51 CONFIG [org.geoserver] - Loaded layer 'Img_Sample'
04 Oct 16:02:51 CONFIG [org.geoserver] - Loaded layer group 'tasmania'
04 Oct 16:02:51 CONFIG [org.geoserver] - Loaded layer group 'spearfish'
04 Oct 16:02:51 CONFIG [org.geoserver] - Loaded layer group 'tiger-ny'
04 Oct 16:02:51 CONFIG [org.geoserver] - Read catalog in 1.023 s
04 Oct 16:02:51 CONFIG [org.geoserver] - Loaded service 'wcs', enabled
04 Oct 16:02:51 CONFIG [org.geoserver] - Loaded service 'wfs', enabled
04 Oct 16:02:51 CONFIG [org.geoserver] - Loaded service 'wms', enabled
04 Oct 16:02:51 CONFIG [org.geoserver] - Loaded service 'WMTSInfoImpl--3ef31051:182c1e8b194:-8000', enabled
04 Oct 16:02:51 CONFIG [org.geoserver] - Loaded service 'WCSInfoImpl-1c443fee:182c0f3f209:-7f96', enabled
04 Oct 16:02:51 CONFIG [org.geoserver] - Loaded service 'WFSInfoImpl-1c443fee:182c0f3f209:-7f97', enabled
04 Oct 16:02:51 CONFIG [org.geoserver] - Loaded service 'WMSInfoImpl-1c443fee:182c0f3f209:-7f99', enabled
04 Oct 16:02:51 CONFIG [org.geoserver] - Loaded service 'WMTSInfoImpl-1c443fee:182c0f3f209:-7f98', enabled
04 Oct 16:02:51 CONFIG [gwc.config] - Will look for 'geowebcache.xml' in directory '/gsdata/gwc'.
04 Oct 16:02:51 WARN   [config.XMLConfiguration] - GWC configuration validation error: cvc-elt.1.a: Cannot find the declaration of element 'gwcConfiguration'.
04 Oct 16:02:51 WARN   [config.XMLConfiguration] - Will try to use configuration anyway. Please check the order of declared elements against the schema.
04 Oct 16:02:51 CONFIG [config.XMLConfiguration] - Initializing GridSets from gwc
04 Oct 16:02:51 CONFIG [config.XMLConfiguration] - Initializing layers from gwc
04 Oct 16:02:51 CONFIG [gwc.layer] - Initializing GWC configuration based on GeoServer's Catalog
04 Oct 16:02:51 CONFIG [gwc.layer] - GeoServer TileLayer store base directory is: gwc-layers
04 Oct 16:02:51 CONFIG [gwc.layer] - Loading tile layers from gwc-layers
04 Oct 16:02:51 CONFIG [gwc.layer] - Loaded 28 tile layers in 11.59 ms
04 Oct 16:02:51 CONFIG [storage.BlobStoreAggregator] - BlobStoreConfiguration gwc contained no blob store infos.
04 Oct 16:02:51 CONFIG [storage.DefaultStorageFinder] - Found system environment variableGEOSERVER_DATA_DIR set to /gsdata, using it as the default prefix.
04 Oct 16:02:51 CONFIG [gwc.config] - Initializing GeoServer specific GWC configuration from gwc-gs.xml
04 Oct 16:02:53 CONFIG [gwc.config] - Will look for 'geowebcache-diskquota.xml' in directory '/gsdata/gwc'.
04 Oct 16:02:53 CONFIG [gwc.config] - Will look for 'geowebcache-diskquota-jdbc.xml' in directory '/gsdata/gwc'.
04 Oct 16:02:53 CONFIG [diskquota.ConfigLoader] - DiskQuota configuration is not readable: gwc/geowebcache-diskquota.xml
04 Oct 16:02:53 CONFIG [diskquota.ConfigLoader] - DiskQuota configuration is not readable: gwc/geowebcache-diskquota.xml
04 Oct 16:02:53 CONFIG [geoserver.security] - AuthenticationCache Initialized with 1000 Max Entries, 300 seconds idle time, 600 seconds time to live and 3 concurrency level
04 Oct 16:02:53 CONFIG [geoserver.security] - AuthenticationCache Eviction Task created to run every 600 seconds
04 Oct 16:02:53 CONFIG [geowebcache.GeoWebCacheDispatcher] - Invoked setServletPrefix(gwc)
04 Oct 16:02:53 CONFIG [wms.WMSService] - Will NOT recombine tiles for non-tiling clients.
04 Oct 16:02:53 CONFIG [wms.WMSService] - Will proxy requests to backend that are not getmap or getcapabilities.
04 Oct 16:02:54 WARN   [gce.imagemosaic] - Unable to set ordering between jp2 readers spi-it.geosolutions.imageio.plugins.jp2ecw.JP2GDALEcwImageReaderSpi:com.sun.media.imageioimpl.plugins.jpeg2000.J2KImageReaderSpi
04 Oct 16:02:54 CONFIG [diskquota.ConfigLoader] - DiskQuota configuration is not readable: gwc/geowebcache-diskquota.xml
04 Oct 16:02:54 CONFIG [diskquota.DiskQuotaMonitor] - Setting up disk quota periodic enforcement task
04 Oct 16:02:54 CONFIG [diskquota.DiskQuotaMonitor] - 0 layers configured with their own quotas. 
04 Oct 16:02:54 CONFIG [diskquota.DiskQuotaMonitor] - 28 layers attached to global quota 500.0 MB
04 Oct 16:02:54 CONFIG [diskquota.DiskQuotaMonitor] - Disk quota periodic enforcement task set up every 10 SECONDS
04 Oct 16:02:54 CONFIG [geoserver.security] - Start reloading user/groups for service named default
04 Oct 16:02:54 CONFIG [geoserver.security] - Reloading user/groups successful for service named default
04 Oct 16:02:57 INFO   [geoserver.security] - Strong cryptography is available
